Arguments: 
  /Users/simon/.nvm/versions/node/v16.5.0/bin/node /Users/simon/.yarn/bin/yarn.js add @types/nodejs

PATH: 
  /Users/simon/.yarn/bin:/Users/simon/.config/yarn/global/node_modules/.bin:/Users/simon/.nvm/versions/node/v16.5.0/bin:/usr/local/go/bin:/opt/homebrew/bin:/usr/local/bin:/usr/local/bin:/usr/bin:/bin:/usr/sbin:/sbin:/usr/local/go/bin:/Library/Apple/usr/bin:/Users/simon/.yarn/bin:/Users/simon/.config/yarn/global/node_modules/.bin:/Users/simon/.nvm/versions/node/v16.5.0/bin:/opt/homebrew/bin:/Users/simon/.cargo/bin

Yarn version: 
  1.22.17

Node version: 
  16.5.0

Platform: 
  darwin arm64

Trace: 
  Error: https://registry.yarnpkg.com/@types%2fnodejs: Not found
      at Request.params.callback [as _callback] (/Users/simon/.yarn/lib/cli.js:67029:18)
      at Request.self.callback (/Users/simon/.yarn/lib/cli.js:140883:22)
      at Request.emit (node:events:394:28)
      at Request.<anonymous> (/Users/simon/.yarn/lib/cli.js:141855:10)
      at Request.emit (node:events:394:28)
      at IncomingMessage.<anonymous> (/Users/simon/.yarn/lib/cli.js:141777:12)
      at Object.onceWrapper (node:events:513:28)
      at IncomingMessage.emit (node:events:406:35)
      at endReadableNT (node:internal/streams/readable:1331:12)
      at processTicksAndRejections (node:internal/process/task_queues:83:21)

npm manifest: 
  {
      "name": "ts-fusion-parser",
      "version": "0.0.1",
      "description": "PlaceHolder",
      "dependencies": {
          "typescript": "^4.6.4"
      },
      "devDependencies": {},
      "scripts": {
          "test": "echo \"Error: no test specified\" && exit 1",
          "prepublishOnly": "tsc",
          "watch-ts": "tsc --watch",
          "watch-src": "nodemon out/main.js"
      },
      "main": "out/main.js",
      "author": "",
      "license": "ISC"
  }

yarn manifest: 
  No manifest

Lockfile: 
  # THIS IS AN AUTOGENERATED FILE. DO NOT EDIT THIS FILE DIRECTLY.
  # yarn lockfile v1
  
  
  typescript@^4.6.4:
    version "4.6.4"
    resolved "https://registry.yarnpkg.com/typescript/-/typescript-4.6.4.tgz#caa78bbc3a59e6a5c510d35703f6a09877ce45e9"
    integrity sha512-9ia/jWHIEbo49HfjrLGfKbZSuWo9iTMwXO+Ca3pRsSpbsMbc7/IU8NKdCZVRRBafVPGnoJeFL76ZOAA84I9fEg==
